{"C:\\Users\\vital\\Desktop\\lab2\\services\\constants.js": {"path":"C:\\Users\\vital\\Desktop\\lab2\\services\\constants.js","statementMap":{"0":{"start":{"line":1,"column":15},"end":{"line":3,"column":1}},"1":{"start":{"line":5,"column":13},"end":{"line":9,"column":1}},"2":{"start":{"line":11,"column":13},"end":{"line":14,"column":1}},"3":{"start":{"line":16,"column":25},"end":{"line":20,"column":1}}},"fnMap":{},"branchMap":{},"s":{"0":1,"1":1,"2":1,"3":1},"f":{},"b":{},"_coverageSchema":"332fd63041d2c1bcb487cc26dd0d5f7d97098a6c","hash":"f5e4f31b165a2d9996446dee0ceafcd18673d4fd"}
,"C:\\Users\\vital\\Desktop\\lab2\\services\\services.js": {"path":"C:\\Users\\vital\\Desktop\\lab2\\services\\services.js","statementMap":{"0":{"start":{"line":5,"column":4},"end":{"line":5,"column":18}},"1":{"start":{"line":9,"column":4},"end":{"line":20,"column":11}},"2":{"start":{"line":11,"column":12},"end":{"line":19,"column":13}},"3":{"start":{"line":12,"column":16},"end":{"line":14,"column":17}},"4":{"start":{"line":15,"column":19},"end":{"line":19,"column":13}},"5":{"start":{"line":16,"column":16},"end":{"line":18,"column":17}},"6":{"start":{"line":24,"column":4},"end":{"line":30,"column":10}},"7":{"start":{"line":26,"column":12},"end":{"line":29,"column":32}},"8":{"start":{"line":34,"column":4},"end":{"line":35,"column":63}},"9":{"start":{"line":39,"column":4},"end":{"line":40,"column":46}},"10":{"start":{"line":40,"column":22},"end":{"line":40,"column":44}}},"fnMap":{"0":{"name":"getAllMovies","decl":{"start":{"line":4,"column":9},"end":{"line":4,"column":21}},"loc":{"start":{"line":4,"column":24},"end":{"line":6,"column":1}},"line":4},"1":{"name":"getSortedMovies","decl":{"start":{"line":8,"column":9},"end":{"line":8,"column":24}},"loc":{"start":{"line":8,"column":38},"end":{"line":21,"column":1}},"line":8},"2":{"name":"(anonymous_2)","decl":{"start":{"line":10,"column":14},"end":{"line":10,"column":15}},"loc":{"start":{"line":10,"column":24},"end":{"line":20,"column":9}},"line":10},"3":{"name":"getMoviesByTitle","decl":{"start":{"line":23,"column":9},"end":{"line":23,"column":25}},"loc":{"start":{"line":23,"column":33},"end":{"line":31,"column":1}},"line":23},"4":{"name":"(anonymous_4)","decl":{"start":{"line":25,"column":16},"end":{"line":25,"column":17}},"loc":{"start":{"line":26,"column":12},"end":{"line":29,"column":32}},"line":26},"5":{"name":"getMoviesPage","decl":{"start":{"line":33,"column":9},"end":{"line":33,"column":22}},"loc":{"start":{"line":33,"column":38},"end":{"line":36,"column":1}},"line":33},"6":{"name":"getMovieById","decl":{"start":{"line":38,"column":9},"end":{"line":38,"column":21}},"loc":{"start":{"line":38,"column":26},"end":{"line":41,"column":1}},"line":38},"7":{"name":"(anonymous_7)","decl":{"start":{"line":40,"column":14},"end":{"line":40,"column":15}},"loc":{"start":{"line":40,"column":22},"end":{"line":40,"column":44}},"line":40}},"branchMap":{"0":{"loc":{"start":{"line":11,"column":12},"end":{"line":19,"column":13}},"type":"if","locations":[{"start":{"line":11,"column":12},"end":{"line":19,"column":13}},{"start":{"line":11,"column":12},"end":{"line":19,"column":13}}],"line":11},"1":{"loc":{"start":{"line":15,"column":19},"end":{"line":19,"column":13}},"type":"if","locations":[{"start":{"line":15,"column":19},"end":{"line":19,"column":13}},{"start":{"line":15,"column":19},"end":{"line":19,"column":13}}],"line":15}},"s":{"0":1,"1":3,"2":517859,"3":220496,"4":297363,"5":297363,"6":1,"7":15600,"8":1,"9":1,"10":1},"f":{"0":1,"1":3,"2":517859,"3":1,"4":15600,"5":1,"6":1,"7":1},"b":{"0":[220496,297363],"1":[297363,0]},"_coverageSchema":"332fd63041d2c1bcb487cc26dd0d5f7d97098a6c","hash":"74d8723b8794417a4e36422785cfeb20ae64c4c7"}
}
