TN:
SF:C:\Users\vital\Desktop\lab2\services\constants.js
FNF:0
FNH:0
DA:1,1
DA:5,1
DA:11,1
DA:16,1
LF:4
LH:4
BRF:0
BRH:0
end_of_record
TN:
SF:C:\Users\vital\Desktop\lab2\services\services.js
FN:4,getAllMovies
FN:8,getSortedMovies
FN:10,(anonymous_2)
FN:23,getMoviesByTitle
FN:25,(anonymous_4)
FN:33,getMoviesPage
FN:38,getMovieById
FN:40,(anonymous_7)
FNF:8
FNH:8
FNDA:1,getAllMovies
FNDA:3,getSortedMovies
FNDA:517859,(anonymous_2)
FNDA:1,getMoviesByTitle
FNDA:15600,(anonymous_4)
FNDA:1,getMoviesPage
FNDA:1,getMovieById
FNDA:1,(anonymous_7)
DA:5,1
DA:9,3
DA:11,517859
DA:12,220496
DA:15,297363
DA:16,297363
DA:24,1
DA:26,15600
DA:34,1
DA:39,1
DA:40,1
LF:11
LH:11
BRDA:11,0,0,220496
BRDA:11,0,1,297363
BRDA:15,1,0,297363
BRDA:15,1,1,0
BRF:4
BRH:3
end_of_record
