<?xml version="1.0" encoding="UTF-8"?>
<coverage generated="1544781588743" clover="3.2.0">
  <project timestamp="1544781588743" name="All files">
    <metrics statements="53" coveredstatements="21" conditionals="12" coveredconditionals="0" methods="22" coveredmethods="0" elements="87" coveredelements="21" complexity="0" loc="53" ncloc="53" packages="3" files="5" classes="5">
      <package name="controllers">
        <metrics statements="28" coveredstatements="11" conditionals="8" coveredconditionals="0" methods="9" coveredmethods="0"/>
        <file name="controllers.js" path="C:\Users\panic\WebstormProjects\lab7_web\controllers\controllers.js">
          <metrics statements="23" coveredstatements="6" conditionals="8" coveredconditionals="0" methods="9" coveredmethods="0"/>
          <line num="12" count="1" type="stmt"/>
          <line num="13" count="0" type="stmt"/>
          <line num="16" count="1" type="stmt"/>
          <line num="17" count="0" type="stmt"/>
          <line num="18" count="0" type="cond" truecount="0" falsecount="2"/>
          <line num="19" count="0" type="stmt"/>
          <line num="24" count="0" type="stmt"/>
          <line num="29" count="1" type="stmt"/>
          <line num="30" count="0" type="stmt"/>
          <line num="31" count="0" type="cond" truecount="0" falsecount="2"/>
          <line num="32" count="0" type="stmt"/>
          <line num="37" count="0" type="stmt"/>
          <line num="42" count="1" type="stmt"/>
          <line num="43" count="0" type="stmt"/>
          <line num="44" count="0" type="cond" truecount="0" falsecount="2"/>
          <line num="45" count="0" type="stmt"/>
          <line num="50" count="0" type="stmt"/>
          <line num="55" count="1" type="stmt"/>
          <line num="56" count="0" type="stmt"/>
          <line num="57" count="0" type="cond" truecount="0" falsecount="2"/>
          <line num="58" count="0" type="stmt"/>
          <line num="63" count="0" type="stmt"/>
          <line num="68" count="1" type="stmt"/>
        </file>
        <file name="validationSchemas.js" path="C:\Users\panic\WebstormProjects\lab7_web\controllers\validationSchemas.js">
          <metrics statements="5" coveredstatements="5" conditionals="0" coveredconditionals="0" methods="0" coveredmethods="0"/>
          <line num="5" count="1" type="stmt"/>
          <line num="10" count="1" type="stmt"/>
          <line num="14" count="1" type="stmt"/>
          <line num="27" count="1" type="stmt"/>
          <line num="33" count="1" type="stmt"/>
        </file>
      </package>
      <package name="routes">
        <metrics statements="6" coveredstatements="6" conditionals="0" coveredconditionals="0" methods="0" coveredmethods="0"/>
        <file name="index.js" path="C:\Users\panic\WebstormProjects\lab7_web\routes\index.js">
          <metrics statements="6" coveredstatements="6" conditionals="0" coveredconditionals="0" methods="0" coveredmethods="0"/>
          <line num="4" count="1" type="stmt"/>
          <line num="6" count="1" type="stmt"/>
          <line num="7" count="1" type="stmt"/>
          <line num="8" count="1" type="stmt"/>
          <line num="9" count="1" type="stmt"/>
          <line num="10" count="1" type="stmt"/>
        </file>
      </package>
      <package name="services">
        <metrics statements="19" coveredstatements="4" conditionals="4" coveredconditionals="0" methods="13" coveredmethods="0"/>
        <file name="constants.js" path="C:\Users\panic\WebstormProjects\lab7_web\services\constants.js">
          <metrics statements="4" coveredstatements="4" conditionals="0" coveredconditionals="0" methods="0" coveredmethods="0"/>
          <line num="1" count="1" type="stmt"/>
          <line num="5" count="1" type="stmt"/>
          <line num="11" count="1" type="stmt"/>
          <line num="16" count="1" type="stmt"/>
        </file>
        <file name="services.js" path="C:\Users\panic\WebstormProjects\lab7_web\services\services.js">
          <metrics statements="15" coveredstatements="0" conditionals="4" coveredconditionals="0" methods="13" coveredmethods="0"/>
          <line num="5" count="0" type="stmt"/>
          <line num="9" count="0" type="stmt"/>
          <line num="12" count="0" type="cond" truecount="0" falsecount="2"/>
          <line num="13" count="0" type="stmt"/>
          <line num="16" count="0" type="cond" truecount="0" falsecount="2"/>
          <line num="17" count="0" type="stmt"/>
          <line num="22" count="0" type="stmt"/>
          <line num="26" count="0" type="stmt"/>
          <line num="28" count="0" type="stmt"/>
          <line num="33" count="0" type="stmt"/>
          <line num="37" count="0" type="stmt"/>
          <line num="39" count="0" type="stmt"/>
          <line num="43" count="0" type="stmt"/>
          <line num="44" count="0" type="stmt"/>
          <line num="45" count="0" type="stmt"/>
        </file>
      </package>
    </metrics>
  </project>
</coverage>
