{"C:\\Users\\panic\\WebstormProjects\\lab7_web\\controllers\\controllers.js": {"path":"C:\\Users\\panic\\WebstormProjects\\lab7_web\\controllers\\controllers.js","statementMap":{"0":{"start":{"line":12,"column":12},"end":{"line":14,"column":1}},"1":{"start":{"line":13,"column":4},"end":{"line":13,"column":28}},"2":{"start":{"line":16,"column":15},"end":{"line":27,"column":1}},"3":{"start":{"line":17,"column":4},"end":{"line":26,"column":6}},"4":{"start":{"line":18,"column":8},"end":{"line":25,"column":9}},"5":{"start":{"line":19,"column":12},"end":{"line":22,"column":14}},"6":{"start":{"line":24,"column":12},"end":{"line":24,"column":47}},"7":{"start":{"line":29,"column":13},"end":{"line":40,"column":1}},"8":{"start":{"line":30,"column":4},"end":{"line":39,"column":6}},"9":{"start":{"line":31,"column":8},"end":{"line":38,"column":9}},"10":{"start":{"line":32,"column":12},"end":{"line":35,"column":14}},"11":{"start":{"line":37,"column":12},"end":{"line":37,"column":55}},"12":{"start":{"line":42,"column":13},"end":{"line":53,"column":1}},"13":{"start":{"line":43,"column":4},"end":{"line":52,"column":6}},"14":{"start":{"line":44,"column":8},"end":{"line":51,"column":9}},"15":{"start":{"line":45,"column":12},"end":{"line":48,"column":14}},"16":{"start":{"line":50,"column":12},"end":{"line":50,"column":57}},"17":{"start":{"line":55,"column":11},"end":{"line":66,"column":1}},"18":{"start":{"line":56,"column":4},"end":{"line":65,"column":6}},"19":{"start":{"line":57,"column":8},"end":{"line":64,"column":9}},"20":{"start":{"line":58,"column":12},"end":{"line":61,"column":14}},"21":{"start":{"line":63,"column":12},"end":{"line":63,"column":44}},"22":{"start":{"line":68,"column":27},"end":{"line":74,"column":1}}},"fnMap":{"0":{"name":"(anonymous_0)","decl":{"start":{"line":12,"column":12},"end":{"line":12,"column":13}},"loc":{"start":{"line":12,"column":26},"end":{"line":14,"column":1}},"line":12},"1":{"name":"(anonymous_1)","decl":{"start":{"line":16,"column":15},"end":{"line":16,"column":16}},"loc":{"start":{"line":16,"column":29},"end":{"line":27,"column":1}},"line":16},"2":{"name":"(anonymous_2)","decl":{"start":{"line":17,"column":53},"end":{"line":17,"column":54}},"loc":{"start":{"line":17,"column":69},"end":{"line":26,"column":5}},"line":17},"3":{"name":"(anonymous_3)","decl":{"start":{"line":29,"column":13},"end":{"line":29,"column":14}},"loc":{"start":{"line":29,"column":27},"end":{"line":40,"column":1}},"line":29},"4":{"name":"(anonymous_4)","decl":{"start":{"line":30,"column":51},"end":{"line":30,"column":52}},"loc":{"start":{"line":30,"column":67},"end":{"line":39,"column":5}},"line":30},"5":{"name":"(anonymous_5)","decl":{"start":{"line":42,"column":13},"end":{"line":42,"column":14}},"loc":{"start":{"line":42,"column":27},"end":{"line":53,"column":1}},"line":42},"6":{"name":"(anonymous_6)","decl":{"start":{"line":43,"column":51},"end":{"line":43,"column":52}},"loc":{"start":{"line":43,"column":67},"end":{"line":52,"column":5}},"line":43},"7":{"name":"(anonymous_7)","decl":{"start":{"line":55,"column":11},"end":{"line":55,"column":12}},"loc":{"start":{"line":55,"column":25},"end":{"line":66,"column":1}},"line":55},"8":{"name":"(anonymous_8)","decl":{"start":{"line":56,"column":50},"end":{"line":56,"column":51}},"loc":{"start":{"line":56,"column":66},"end":{"line":65,"column":5}},"line":56}},"branchMap":{"0":{"loc":{"start":{"line":18,"column":8},"end":{"line":25,"column":9}},"type":"if","locations":[{"start":{"line":18,"column":8},"end":{"line":25,"column":9}},{"start":{"line":18,"column":8},"end":{"line":25,"column":9}}],"line":18},"1":{"loc":{"start":{"line":31,"column":8},"end":{"line":38,"column":9}},"type":"if","locations":[{"start":{"line":31,"column":8},"end":{"line":38,"column":9}},{"start":{"line":31,"column":8},"end":{"line":38,"column":9}}],"line":31},"2":{"loc":{"start":{"line":44,"column":8},"end":{"line":51,"column":9}},"type":"if","locations":[{"start":{"line":44,"column":8},"end":{"line":51,"column":9}},{"start":{"line":44,"column":8},"end":{"line":51,"column":9}}],"line":44},"3":{"loc":{"start":{"line":57,"column":8},"end":{"line":64,"column":9}},"type":"if","locations":[{"start":{"line":57,"column":8},"end":{"line":64,"column":9}},{"start":{"line":57,"column":8},"end":{"line":64,"column":9}}],"line":57}},"s":{"0":1,"1":0,"2":1,"3":0,"4":0,"5":0,"6":0,"7":1,"8":0,"9":0,"10":0,"11":0,"12":1,"13":0,"14":0,"15":0,"16":0,"17":1,"18":0,"19":0,"20":0,"21":0,"22":1},"f":{"0":0,"1":0,"2":0,"3":0,"4":0,"5":0,"6":0,"7":0,"8":0},"b":{"0":[0,0],"1":[0,0],"2":[0,0],"3":[0,0]},"_coverageSchema":"332fd63041d2c1bcb487cc26dd0d5f7d97098a6c","hash":"edd45e72672b4bd53b8b1735349a96cee3f2f482"}
,"C:\\Users\\panic\\WebstormProjects\\lab7_web\\controllers\\validationSchemas.js": {"path":"C:\\Users\\panic\\WebstormProjects\\lab7_web\\controllers\\validationSchemas.js","statementMap":{"0":{"start":{"line":5,"column":19},"end":{"line":8,"column":2}},"1":{"start":{"line":10,"column":21},"end":{"line":12,"column":2}},"2":{"start":{"line":14,"column":19},"end":{"line":25,"column":2}},"3":{"start":{"line":27,"column":17},"end":{"line":31,"column":2}},"4":{"start":{"line":33,"column":26},"end":{"line":38,"column":1}}},"fnMap":{},"branchMap":{},"s":{"0":1,"1":1,"2":1,"3":1,"4":1},"f":{},"b":{},"_coverageSchema":"332fd63041d2c1bcb487cc26dd0d5f7d97098a6c","hash":"0543ccc8219df9181542e13ef0185089a9c61878"}
,"C:\\Users\\panic\\WebstormProjects\\lab7_web\\routes\\index.js": {"path":"C:\\Users\\panic\\WebstormProjects\\lab7_web\\routes\\index.js","statementMap":{"0":{"start":{"line":4,"column":15},"end":{"line":4,"column":31}},"1":{"start":{"line":6,"column":0},"end":{"line":6,"column":35}},"2":{"start":{"line":7,"column":0},"end":{"line":7,"column":37}},"3":{"start":{"line":8,"column":0},"end":{"line":8,"column":41}},"4":{"start":{"line":9,"column":0},"end":{"line":9,"column":38}},"5":{"start":{"line":10,"column":0},"end":{"line":10,"column":43}}},"fnMap":{},"branchMap":{},"s":{"0":1,"1":1,"2":1,"3":1,"4":1,"5":1},"f":{},"b":{},"_coverageSchema":"332fd63041d2c1bcb487cc26dd0d5f7d97098a6c","hash":"498e6bf45dc01a1710e60d379eda230a8a29de07"}
,"C:\\Users\\panic\\WebstormProjects\\lab7_web\\services\\constants.js": {"path":"C:\\Users\\panic\\WebstormProjects\\lab7_web\\services\\constants.js","statementMap":{"0":{"start":{"line":1,"column":15},"end":{"line":3,"column":1}},"1":{"start":{"line":5,"column":13},"end":{"line":9,"column":1}},"2":{"start":{"line":11,"column":13},"end":{"line":14,"column":1}},"3":{"start":{"line":16,"column":25},"end":{"line":20,"column":1}}},"fnMap":{},"branchMap":{},"s":{"0":1,"1":1,"2":1,"3":1},"f":{},"b":{},"_coverageSchema":"332fd63041d2c1bcb487cc26dd0d5f7d97098a6c","hash":"7c8adf3f336edbda7c920d8122586c169a6e05ac"}
,"C:\\Users\\panic\\WebstormProjects\\lab7_web\\services\\services.js": {"path":"C:\\Users\\panic\\WebstormProjects\\lab7_web\\services\\services.js","statementMap":{"0":{"start":{"line":5,"column":4},"end":{"line":5,"column":41}},"1":{"start":{"line":5,"column":30},"end":{"line":5,"column":40}},"2":{"start":{"line":9,"column":4},"end":{"line":22,"column":32}},"3":{"start":{"line":12,"column":12},"end":{"line":20,"column":13}},"4":{"start":{"line":13,"column":16},"end":{"line":15,"column":17}},"5":{"start":{"line":16,"column":19},"end":{"line":20,"column":13}},"6":{"start":{"line":17,"column":16},"end":{"line":19,"column":17}},"7":{"start":{"line":22,"column":21},"end":{"line":22,"column":31}},"8":{"start":{"line":26,"column":4},"end":{"line":33,"column":32}},"9":{"start":{"line":28,"column":12},"end":{"line":31,"column":32}},"10":{"start":{"line":33,"column":21},"end":{"line":33,"column":31}},"11":{"start":{"line":37,"column":4},"end":{"line":39,"column":32}},"12":{"start":{"line":39,"column":21},"end":{"line":39,"column":31}},"13":{"start":{"line":43,"column":4},"end":{"line":45,"column":48}},"14":{"start":{"line":44,"column":24},"end":{"line":44,"column":46}},"15":{"start":{"line":45,"column":33},"end":{"line":45,"column":46}}},"fnMap":{"0":{"name":"getAllMovies","decl":{"start":{"line":4,"column":9},"end":{"line":4,"column":21}},"loc":{"start":{"line":4,"column":24},"end":{"line":6,"column":1}},"line":4},"1":{"name":"(anonymous_1)","decl":{"start":{"line":5,"column":22},"end":{"line":5,"column":23}},"loc":{"start":{"line":5,"column":30},"end":{"line":5,"column":40}},"line":5},"2":{"name":"getSortedMovies","decl":{"start":{"line":8,"column":9},"end":{"line":8,"column":24}},"loc":{"start":{"line":8,"column":38},"end":{"line":23,"column":1}},"line":8},"3":{"name":"(anonymous_3)","decl":{"start":{"line":11,"column":14},"end":{"line":11,"column":15}},"loc":{"start":{"line":11,"column":24},"end":{"line":21,"column":9}},"line":11},"4":{"name":"(anonymous_4)","decl":{"start":{"line":22,"column":13},"end":{"line":22,"column":14}},"loc":{"start":{"line":22,"column":21},"end":{"line":22,"column":31}},"line":22},"5":{"name":"getMoviesByTitle","decl":{"start":{"line":25,"column":9},"end":{"line":25,"column":25}},"loc":{"start":{"line":25,"column":33},"end":{"line":34,"column":1}},"line":25},"6":{"name":"(anonymous_6)","decl":{"start":{"line":27,"column":16},"end":{"line":27,"column":17}},"loc":{"start":{"line":28,"column":12},"end":{"line":31,"column":32}},"line":28},"7":{"name":"(anonymous_7)","decl":{"start":{"line":33,"column":13},"end":{"line":33,"column":14}},"loc":{"start":{"line":33,"column":21},"end":{"line":33,"column":31}},"line":33},"8":{"name":"getMoviesPage","decl":{"start":{"line":36,"column":9},"end":{"line":36,"column":22}},"loc":{"start":{"line":36,"column":38},"end":{"line":40,"column":1}},"line":36},"9":{"name":"(anonymous_9)","decl":{"start":{"line":39,"column":13},"end":{"line":39,"column":14}},"loc":{"start":{"line":39,"column":21},"end":{"line":39,"column":31}},"line":39},"10":{"name":"getMovieById","decl":{"start":{"line":42,"column":9},"end":{"line":42,"column":21}},"loc":{"start":{"line":42,"column":26},"end":{"line":46,"column":1}},"line":42},"11":{"name":"(anonymous_11)","decl":{"start":{"line":44,"column":16},"end":{"line":44,"column":17}},"loc":{"start":{"line":44,"column":24},"end":{"line":44,"column":46}},"line":44},"12":{"name":"(anonymous_12)","decl":{"start":{"line":45,"column":13},"end":{"line":45,"column":14}},"loc":{"start":{"line":45,"column":33},"end":{"line":45,"column":46}},"line":45}},"branchMap":{"0":{"loc":{"start":{"line":12,"column":12},"end":{"line":20,"column":13}},"type":"if","locations":[{"start":{"line":12,"column":12},"end":{"line":20,"column":13}},{"start":{"line":12,"column":12},"end":{"line":20,"column":13}}],"line":12},"1":{"loc":{"start":{"line":16,"column":19},"end":{"line":20,"column":13}},"type":"if","locations":[{"start":{"line":16,"column":19},"end":{"line":20,"column":13}},{"start":{"line":16,"column":19},"end":{"line":20,"column":13}}],"line":16}},"s":{"0":0,"1":0,"2":0,"3":0,"4":0,"5":0,"6":0,"7":0,"8":0,"9":0,"10":0,"11":0,"12":0,"13":0,"14":0,"15":0},"f":{"0":0,"1":0,"2":0,"3":0,"4":0,"5":0,"6":0,"7":0,"8":0,"9":0,"10":0,"11":0,"12":0},"b":{"0":[0,0],"1":[0,0]},"_coverageSchema":"332fd63041d2c1bcb487cc26dd0d5f7d97098a6c","hash":"e96881362bad16258ce8a1781f4f81802ef3fd72"}
}
