TN:
SF:C:\Users\panic\WebstormProjects\lab7_web\controllers\controllers.js
FN:12,(anonymous_0)
FN:16,(anonymous_1)
FN:17,(anonymous_2)
FN:29,(anonymous_3)
FN:30,(anonymous_4)
FN:42,(anonymous_5)
FN:43,(anonymous_6)
FN:55,(anonymous_7)
FN:56,(anonymous_8)
FNF:9
FNH:0
FNDA:0,(anonymous_0)
FNDA:0,(anonymous_1)
FNDA:0,(anonymous_2)
FNDA:0,(anonymous_3)
FNDA:0,(anonymous_4)
FNDA:0,(anonymous_5)
FNDA:0,(anonymous_6)
FNDA:0,(anonymous_7)
FNDA:0,(anonymous_8)
DA:12,1
DA:13,0
DA:16,1
DA:17,0
DA:18,0
DA:19,0
DA:24,0
DA:29,1
DA:30,0
DA:31,0
DA:32,0
DA:37,0
DA:42,1
DA:43,0
DA:44,0
DA:45,0
DA:50,0
DA:55,1
DA:56,0
DA:57,0
DA:58,0
DA:63,0
DA:68,1
LF:23
LH:6
BRDA:18,0,0,0
BRDA:18,0,1,0
BRDA:31,1,0,0
BRDA:31,1,1,0
BRDA:44,2,0,0
BRDA:44,2,1,0
BRDA:57,3,0,0
BRDA:57,3,1,0
BRF:8
BRH:0
end_of_record
TN:
SF:C:\Users\panic\WebstormProjects\lab7_web\controllers\validationSchemas.js
FNF:0
FNH:0
DA:5,1
DA:10,1
DA:14,1
DA:27,1
DA:33,1
LF:5
LH:5
BRF:0
BRH:0
end_of_record
TN:
SF:C:\Users\panic\WebstormProjects\lab7_web\routes\index.js
FNF:0
FNH:0
DA:4,1
DA:6,1
DA:7,1
DA:8,1
DA:9,1
DA:10,1
LF:6
LH:6
BRF:0
BRH:0
end_of_record
TN:
SF:C:\Users\panic\WebstormProjects\lab7_web\services\constants.js
FNF:0
FNH:0
DA:1,1
DA:5,1
DA:11,1
DA:16,1
LF:4
LH:4
BRF:0
BRH:0
end_of_record
TN:
SF:C:\Users\panic\WebstormProjects\lab7_web\services\services.js
FN:4,getAllMovies
FN:5,(anonymous_1)
FN:8,getSortedMovies
FN:11,(anonymous_3)
FN:22,(anonymous_4)
FN:25,getMoviesByTitle
FN:27,(anonymous_6)
FN:33,(anonymous_7)
FN:36,getMoviesPage
FN:39,(anonymous_9)
FN:42,getMovieById
FN:44,(anonymous_11)
FN:45,(anonymous_12)
FNF:13
FNH:0
FNDA:0,getAllMovies
FNDA:0,(anonymous_1)
FNDA:0,getSortedMovies
FNDA:0,(anonymous_3)
FNDA:0,(anonymous_4)
FNDA:0,getMoviesByTitle
FNDA:0,(anonymous_6)
FNDA:0,(anonymous_7)
FNDA:0,getMoviesPage
FNDA:0,(anonymous_9)
FNDA:0,getMovieById
FNDA:0,(anonymous_11)
FNDA:0,(anonymous_12)
DA:5,0
DA:9,0
DA:12,0
DA:13,0
DA:16,0
DA:17,0
DA:22,0
DA:26,0
DA:28,0
DA:33,0
DA:37,0
DA:39,0
DA:43,0
DA:44,0
DA:45,0
LF:15
LH:0
BRDA:12,0,0,0
BRDA:12,0,1,0
BRDA:16,1,0,0
BRDA:16,1,1,0
BRF:4
BRH:0
end_of_record
